{
  "timeStamp": "2025-10-01T08:16:33.046Z",
  "content": {
    "name": "Zwartbol-nl",
    "permalink": "zwartbol-nl",
    "identifier": "dfed1435-b34f-4ea8-93c9-d56e4974d636",
    "public_key": "ssh-ed25519 AAAAC3NzaC1lZDI1NTE5AAAAIPJRnbrClgbSZi9fXgC8DEDm8TQy+iM5EMd1irudRxM/ DeployHQ.com Key for zwartbol-nl",
    "repository": {
      "scm_type": "git",
      "url": "git@github.com:WP-Brothers/zwartbol.git",
      "port": null,
      "username": null,
      "branch": "develop",
      "cached": false,
      "hosting_service": {
        "name": "GitHub",
        "url": "http://github.com",
        "tree_url": "https://github.com/WP-Brothers/zwartbol/tree/develop",
        "commits_url": "https://github.com/WP-Brothers/zwartbol/commits/develop"
      }
    },
    "zone": "eu_west",
    "last_deployed_at": "2025-06-18T17:46:32.000+02:00",
    "auto_deploy_url": "https://socialbrothers.deployhq.com/deploy/zwartbol-nl/ahuFFNjA2-0hdtQ9BkuRTN00qlUJJP3J"
  }
}cialbrothers/zendasupport-nl/src/",
        "commits_url": "https://bitbucket.org/socialbrothers/zendasupport-nl/commits"
      }
    },
    "zone": "uk",
    "last_deployed_at": "2023-04-03T17:13:17.000+02:00",
    "auto_deploy_url": "https://socialbrothers.deployhq.com/deploy/zenda-support/dpKBX2T4S604CpTow-xnl8lyatvevX8d"
  }
}-nl/Itu8onfM6wBeUyN6uvbuemyNRCZOEZRu"
  }
}E5S"
  }
}1B"
  }
}2VLPjYlkM1dV"
  }
}bzr4RF2t8Vc3TilZvsob0doJ5mtowL"
  }
}